<?xml version="1.0" encoding="UTF-8"?>
<!-- Generated by org.testng.reporters.JUnitReportReporter -->
<testsuite skipped="0" hostname="01-011648" name="TestMethods.Third" tests="1" failures="0" timestamp="15 Jan 2019 06:54:13 GMT" time="34.562" errors="0">
  <testcase name="categoryPage" time="34.562" classname="TestMethods.Third"/>
</testsuite> <!-- TestMethods.Third -->
