<?xml version="1.0" encoding="UTF-8"?>
<!-- Generated by org.testng.reporters.JUnitReportReporter -->
<testsuite skipped="0" hostname="01-011648" name="TestMethods.Buyers" tests="1" failures="0" timestamp="17 May 2019 09:08:49 GMT" time="92.683" errors="0">
  <testcase name="buyresPage" time="92.683" classname="TestMethods.Buyers"/>
</testsuite> <!-- TestMethods.Buyers -->
