<?xml version="1.0" encoding="UTF-8"?>
<!-- Generated by org.testng.reporters.JUnitReportReporter -->
<testsuite skipped="0" hostname="01-011648" name="TestMethods.SecondTest" tests="1" failures="0" timestamp="15 Jan 2019 06:54:13 GMT" time="122.667" errors="0">
  <testcase name="buyresPage" time="122.667" classname="TestMethods.SecondTest"/>
</testsuite> <!-- TestMethods.SecondTest -->
