<?xml version="1.0" encoding="UTF-8"?>
<!-- Generated by org.testng.reporters.JUnitReportReporter -->
<testsuite skipped="0" hostname="01-011648" name="TestMethods.ExtentDemo" tests="1" failures="0" timestamp="03 Jan 2019 13:15:44 GMT" time="34.740" errors="0">
  <testcase name="extentReportsDemo" time="34.740" classname="TestMethods.ExtentDemo"/>
</testsuite> <!-- TestMethods.ExtentDemo -->
