<?xml version="1.0" encoding="UTF-8"?>
<!-- Generated by org.testng.reporters.JUnitReportReporter -->
<testsuite skipped="0" hostname="01-011648" name="registrationTesting.RecoredTest" tests="1" failures="0" timestamp="21 Jan 2019 05:24:13 GMT" time="4.540" errors="0">
  <testcase name="getScrollStatus" time="4.540" classname="registrationTesting.RecoredTest"/>
</testsuite> <!-- registrationTesting.RecoredTest -->
