<?xml version="1.0" encoding="UTF-8"?>
<!-- Generated by org.testng.reporters.JUnitReportReporter -->
<testsuite skipped="0" hostname="01-011648" name="TestMethods.Products" tests="3" failures="0" timestamp="17 May 2019 09:08:49 GMT" time="106.702" errors="0">
  <testcase name="productsPage" time="43.134" classname="TestMethods.Products"/>
  <testcase name="searchproducts" time="21.401" classname="TestMethods.Products"/>
  <testcase name="AddToCartPage" time="42.167" classname="TestMethods.Products"/>
</testsuite> <!-- TestMethods.Products -->
