<?xml version="1.0" encoding="UTF-8"?>
<!-- Generated by org.testng.reporters.JUnitReportReporter -->
<testsuite skipped="0" hostname="01-011648" name="TestMethods.FirstTest" tests="1" failures="0" timestamp="15 Jan 2019 06:54:13 GMT" time="18.270" errors="0">
  <testcase name="testHomePageAppear" time="18.270" classname="TestMethods.FirstTest"/>
</testsuite> <!-- TestMethods.FirstTest -->
