<?xml version="1.0" encoding="UTF-8"?>
<!-- Generated by org.testng.reporters.JUnitReportReporter -->
<testsuite skipped="0" hostname="01-011648" name="TestMethods.PendingOrders" tests="3" failures="0" timestamp="17 May 2019 09:08:49 GMT" time="35.903" errors="0">
  <testcase name="pendiOrederPage" time="10.890" classname="TestMethods.PendingOrders"/>
  <testcase name="orederDetailPage" time="12.291" classname="TestMethods.PendingOrders"/>
  <testcase name="prevoiusOrederDetail" time="12.722" classname="TestMethods.PendingOrders"/>
</testsuite> <!-- TestMethods.PendingOrders -->
